c:\users\acer\source\repos\замок на компьютер\замок на компьютер\debug\замок на компьютер.pch
c:\users\acer\source\repos\замок на компьютер\замок на компьютер\debug\vc141.pdb
c:\users\acer\source\repos\замок на компьютер\замок на компьютер\debug\stdafx.obj
c:\users\acer\source\repos\замок на компьютер\замок на компьютер\debug\form1.obj
c:\users\acer\source\repos\замок на компьютер\замок на компьютер\debug\cppclr_winformsprojekt.obj
c:\users\acer\source\repos\замок на компьютер\замок на компьютер\debug\assemblyinfo.obj
c:\users\acer\source\repos\замок на компьютер\замок на компьютер\debug\.netframework,version=v4.5.2.assemblyattributes.obj
c:\users\acer\source\repos\замок на компьютер\замок на компьютер\debug\.netframework,version=v4.5.2.assemblyattributes.asm
c:\users\acer\source\repos\замок на компьютер\замок на компьютер\debug\app.res
c:\users\acer\source\repos\замок на компьютер\замок на компьютер\debug\замок_на_компьютер.form1.resources
c:\users\acer\source\repos\замок на компьютер\замок на компьютер\debug\замок на компьютер.vcxproj.generateresource.cache
c:\users\acer\source\repos\замок на компьютер\debug\замок на компьютер.pdb
c:\users\acer\source\repos\замок на компьютер\debug\замок на компьютер.exe
c:\users\acer\source\repos\замок на компьютер\замок на компьютер\debug\замок на.839d358d.tlog\cl.command.1.tlog
c:\users\acer\source\repos\замок на компьютер\замок на компьютер\debug\замок на.839d358d.tlog\cl.read.1.tlog
c:\users\acer\source\repos\замок на компьютер\замок на компьютер\debug\замок на.839d358d.tlog\cl.write.1.tlog
c:\users\acer\source\repos\замок на компьютер\замок на компьютер\debug\замок на.839d358d.tlog\link.command.1.tlog
c:\users\acer\source\repos\замок на компьютер\замок на компьютер\debug\замок на.839d358d.tlog\link.read.1.tlog
c:\users\acer\source\repos\замок на компьютер\замок на компьютер\debug\замок на.839d358d.tlog\link.write.1.tlog
c:\users\acer\source\repos\замок на компьютер\замок на компьютер\debug\замок на.839d358d.tlog\metagen.read.1.tlog
c:\users\acer\source\repos\замок на компьютер\замок на компьютер\debug\замок на.839d358d.tlog\metagen.write.1.tlog
c:\users\acer\source\repos\замок на компьютер\замок на компьютер\debug\замок на.839d358d.tlog\rc.command.1.tlog
c:\users\acer\source\repos\замок на компьютер\замок на компьютер\debug\замок на.839d358d.tlog\rc.read.1.tlog
c:\users\acer\source\repos\замок на компьютер\замок на компьютер\debug\замок на.839d358d.tlog\rc.write.1.tlog
c:\users\acer\source\repos\замок на компьютер\замок на компьютер\debug\замок на.839d358d.tlog\замок на компьютер.write.1u.tlog
c:\users\acer\source\repos\замок на компьютер\замок на компьютер\debug\замок на.839d358d.tlog\tzres.dll.bi
